<?xml version="1.0" encoding="UTF-8"?>
<!-- Generated by org.testng.reporters.JUnitReportReporter -->
<testsuite hostname="Huawei-PC" failures="0" tests="1" name="AuthorizationCase_3" time="12.431" errors="0" timestamp="2022-09-30T17:56:48 EEST" skipped="0">
  <testcase classname="AuthorizationCase_3" name="case_3" time="12.431"/>
  <system-out/>
</testsuite> <!-- AuthorizationCase_3 -->
