<?xml version="1.0" encoding="UTF-8"?>
<!-- Generated by org.testng.reporters.JUnitReportReporter -->
<testsuite hostname="Huawei-PC" failures="0" tests="1" name="AuthorizationCase_12" time="18.432" errors="0" timestamp="2022-10-03T17:56:41 EEST" skipped="0">
  <testcase classname="AuthorizationCase_12" name="case_12" time="18.432"/>
  <system-out/>
</testsuite> <!-- AuthorizationCase_12 -->
