<?xml version="1.0" encoding="UTF-8"?>
<!-- Generated by org.testng.reporters.JUnitReportReporter -->
<testsuite hostname="Huawei-PC" failures="0" tests="1" name="AuthorizationCase_12" time="16.911" errors="0" timestamp="2022-10-03T18:08:00 EEST" skipped="0">
  <testcase classname="AuthorizationCase_12" name="case_12" time="16.911"/>
  <system-out/>
</testsuite> <!-- AuthorizationCase_12 -->
