<?xml version="1.0" encoding="UTF-8"?>
<!-- Generated by org.testng.reporters.JUnitReportReporter -->
<testsuite hostname="Huawei-PC" failures="0" tests="1" name="AuthorizationCase_9" time="11.853" errors="0" timestamp="2022-09-30T17:56:48 EEST" skipped="0">
  <testcase classname="AuthorizationCase_9" name="case_9" time="11.853"/>
  <system-out/>
</testsuite> <!-- AuthorizationCase_9 -->
