<?xml version="1.0" encoding="UTF-8"?>
<!-- Generated by org.testng.reporters.JUnitReportReporter -->
<testsuite hostname="Huawei-PC" failures="0" tests="1" name="AuthorizationCase_6" time="10.160" errors="0" timestamp="2022-09-30T17:56:48 EEST" skipped="0">
  <testcase classname="AuthorizationCase_6" name="case_6" time="10.160"/>
  <system-out/>
</testsuite> <!-- AuthorizationCase_6 -->
