<?xml version="1.0" encoding="UTF-8"?>
<!-- Generated by org.testng.reporters.JUnitReportReporter -->
<testsuite hostname="Huawei-PC" failures="0" tests="1" name="AuthorizationCase_6" time="7.977" errors="0" timestamp="2022-09-30T13:16:41 EEST" skipped="0">
  <testcase classname="AuthorizationCase_6" name="case_6" time="7.977"/>
  <system-out/>
</testsuite> <!-- AuthorizationCase_6 -->
