<?xml version="1.0" encoding="UTF-8"?>
<!-- Generated by org.testng.reporters.JUnitReportReporter -->
<testsuite hostname="Huawei-PC" failures="0" tests="1" name="AuthorizationCase_4" time="8.121" errors="0" timestamp="2022-09-30T13:16:41 EEST" skipped="0">
  <testcase classname="AuthorizationCase_4" name="case_4" time="8.121"/>
  <system-out/>
</testsuite> <!-- AuthorizationCase_4 -->
