<?xml version="1.0" encoding="UTF-8"?>
<!-- Generated by org.testng.reporters.JUnitReportReporter -->
<testsuite hostname="Huawei-PC" failures="0" tests="1" name="AuthorizationCase_13" time="18.956" errors="0" timestamp="2022-10-04T14:12:40 EEST" skipped="0">
  <testcase classname="AuthorizationCase_13" name="case_11" time="18.956"/>
  <system-out/>
</testsuite> <!-- AuthorizationCase_13 -->
