<?xml version="1.0" encoding="UTF-8"?>
<!-- Generated by org.testng.reporters.JUnitReportReporter -->
<testsuite hostname="Huawei-PC" failures="0" tests="1" name="AuthorizationCase_8" time="26.405" errors="0" timestamp="2022-09-30T13:16:41 EEST" skipped="0">
  <testcase classname="AuthorizationCase_8" name="case_8" time="26.405"/>
  <system-out/>
</testsuite> <!-- AuthorizationCase_8 -->
